<?xml version="1.0" encoding="UTF-8"?>
<coverage generated="1762715730324" clover="3.2.0">
  <project timestamp="1762715730324" name="All files">
    <metrics statements="9" coveredstatements="9" conditionals="10" coveredconditionals="10" methods="2" coveredmethods="2" elements="21" coveredelements="21" complexity="0" loc="9" ncloc="9" packages="1" files="2" classes="2"/>
    <file name="Button.tsx" path="/Users/kevin/work/github/modsynth/ui-components/src/components/Button.tsx">
      <metrics statements="6" coveredstatements="6" conditionals="3" coveredconditionals="3" methods="1" coveredmethods="1"/>
      <line num="9" count="1" type="stmt"/>
      <line num="16" count="12" type="stmt"/>
      <line num="18" count="12" type="stmt"/>
      <line num="24" count="12" type="stmt"/>
      <line num="30" count="12" type="stmt"/>
      <line num="32" count="12" type="stmt"/>
    </file>
    <file name="Input.tsx" path="/Users/kevin/work/github/modsynth/ui-components/src/components/Input.tsx">
      <metrics statements="3" coveredstatements="3" conditionals="7" coveredconditionals="7" methods="1" coveredmethods="1"/>
      <line num="8" count="1" type="stmt"/>
      <line num="14" count="13" type="stmt"/>
      <line num="20" count="13" type="stmt"/>
    </file>
  </project>
</coverage>
