{"/Users/kevin/work/github/modsynth/ui-components/src/components/Button.tsx": {"path":"/Users/kevin/work/github/modsynth/ui-components/src/components/Button.tsx","statementMap":{"0":{"start":{"line":9,"column":45},"end":{"line":37,"column":1}},"1":{"start":{"line":16,"column":22},"end":{"line":16,"column":113}},"2":{"start":{"line":18,"column":25},"end":{"line":22,"column":4}},"3":{"start":{"line":24,"column":22},"end":{"line":28,"column":4}},"4":{"start":{"line":30,"column":18},"end":{"line":30,"column":95}},"5":{"start":{"line":32,"column":2},"end":{"line":36,"column":4}},"6":{"start":{"line":9,"column":13},"end":{"line":9,"column":45}}},"fnMap":{"0":{"name":"(anonymous_0)","decl":{"start":{"line":9,"column":45},"end":{"line":9,"column":46}},"loc":{"start":{"line":15,"column":5},"end":{"line":37,"column":1}}}},"branchMap":{"0":{"loc":{"start":{"line":10,"column":2},"end":{"line":10,"column":21}},"type":"default-arg","locations":[{"start":{"line":10,"column":12},"end":{"line":10,"column":21}}]},"1":{"loc":{"start":{"line":11,"column":2},"end":{"line":11,"column":13}},"type":"default-arg","locations":[{"start":{"line":11,"column":9},"end":{"line":11,"column":13}}]},"2":{"loc":{"start":{"line":13,"column":2},"end":{"line":13,"column":16}},"type":"default-arg","locations":[{"start":{"line":13,"column":14},"end":{"line":13,"column":16}}]}},"s":{"0":1,"1":12,"2":12,"3":12,"4":12,"5":12,"6":1},"f":{"0":12},"b":{"0":[10],"1":[10],"2":[11]}}
,"/Users/kevin/work/github/modsynth/ui-components/src/components/Input.tsx": {"path":"/Users/kevin/work/github/modsynth/ui-components/src/components/Input.tsx","statementMap":{"0":{"start":{"line":8,"column":43},"end":{"line":31,"column":1}},"1":{"start":{"line":14,"column":23},"end":{"line":18,"column":17}},"2":{"start":{"line":20,"column":2},"end":{"line":30,"column":4}},"3":{"start":{"line":8,"column":13},"end":{"line":8,"column":43}}},"fnMap":{"0":{"name":"(anonymous_0)","decl":{"start":{"line":8,"column":43},"end":{"line":8,"column":44}},"loc":{"start":{"line":13,"column":5},"end":{"line":31,"column":1}}}},"branchMap":{"0":{"loc":{"start":{"line":11,"column":2},"end":{"line":11,"column":16}},"type":"default-arg","locations":[{"start":{"line":11,"column":14},"end":{"line":11,"column":16}}]},"1":{"loc":{"start":{"line":15,"column":4},"end":{"line":17,"column":null}},"type":"cond-expr","locations":[{"start":{"line":16,"column":8},"end":{"line":16,"column":43}},{"start":{"line":17,"column":8},"end":{"line":17,"column":null}}]},"2":{"loc":{"start":{"line":22,"column":7},"end":{"line":25,"column":null}},"type":"binary-expr","locations":[{"start":{"line":22,"column":7},"end":{"line":22,"column":12}},{"start":{"line":23,"column":8},"end":{"line":24,"column":null}}]},"3":{"loc":{"start":{"line":28,"column":7},"end":{"line":28,"column":68}},"type":"binary-expr","locations":[{"start":{"line":28,"column":7},"end":{"line":28,"column":12}},{"start":{"line":28,"column":16},"end":{"line":28,"column":68}}]}},"s":{"0":1,"1":13,"2":13,"3":1},"f":{"0":13},"b":{"0":[12],"1":[3,10],"2":[13,2],"3":[13,3]}}
}
